srun: Job step aborted: Waiting up to 32 seconds for job step to finish.
slurmstepd: error: *** STEP 1624256.0+1 ON node167 CANCELLED AT 2025-07-08T13:40:04 ***
srun: Job step aborted: Waiting up to 32 seconds for job step to finish.
slurmstepd: error: *** STEP 1624256.0+0 ON node166 CANCELLED AT 2025-07-08T13:40:04 ***
slurmstepd: error: *** JOB 1624256 ON node166 CANCELLED AT 2025-07-08T13:40:04 ***
