slurmstepd: error: *** STEP 1624255.0+1 ON node143 CANCELLED AT 2025-07-08T13:40:04 ***
slurmstepd: error: *** STEP 1624255.0+0 ON node142 CANCELLED AT 2025-07-08T13:40:04 ***
srun: Job step aborted: Waiting up to 32 seconds for job step to finish.
slurmstepd: error: *** JOB 1624255 ON node142 CANCELLED AT 2025-07-08T13:40:04 ***
srun: Job step aborted: Waiting up to 32 seconds for job step to finish.
